2016-04-06 16:29:32 0 [Warning] TIMESTAMP with implicit DEFAULT value is deprecated. Please use --explicit_defaults_for_timestamp server option (see documentation for more details).
2016-04-06 16:29:32 0 [Note] mysqld (mysqld 5.6.24) starting as process 76580 ...
2016-04-06 16:29:32 76580 [Warning] Can't create test file /usr/local/mysql-5.6.24-osx10.8-x86_64/data/Stuarts-MacBook-Pro.lower-test
2016-04-06 16:29:32 76580 [Warning] Can't create test file /usr/local/mysql-5.6.24-osx10.8-x86_64/data/Stuarts-MacBook-Pro.lower-test
2016-04-06 16:29:32 76580 [Note] Plugin 'FEDERATED' is disabled.
mysqld: Can't find file: './mysql/plugin.frm' (errno: 13 - Permission denied)
2016-04-06 16:29:32 76580 [ERROR] Can't open the mysql.plugin table. Please run mysql_upgrade to create it.
2016-04-06 16:29:32 76580 [Note] InnoDB: Using atomics to ref count buffer pool pages
2016-04-06 16:29:32 76580 [Note] InnoDB: The InnoDB memory heap is disabled
2016-04-06 16:29:32 76580 [Note] InnoDB: Mutexes and rw_locks use GCC atomic builtins
2016-04-06 16:29:32 76580 [Note] InnoDB: Memory barrier is not used
2016-04-06 16:29:32 76580 [Note] InnoDB: Compressed tables use zlib 1.2.3
2016-04-06 16:29:32 76580 [Note] InnoDB: Using CPU crc32 instructions
2016-04-06 16:29:32 76580 [Note] InnoDB: Initializing buffer pool, size = 128.0M
2016-04-06 16:29:32 76580 [Note] InnoDB: Completed initialization of buffer pool
2016-04-06 16:29:32 76580 [ERROR] InnoDB: ./ibdata1 can't be opened in read-write mode
2016-04-06 16:29:32 76580 [ERROR] InnoDB: The system tablespace must be writable!
2016-04-06 16:29:32 76580 [ERROR] Plugin 'InnoDB' init function returned error.
2016-04-06 16:29:32 76580 [ERROR] Plugin 'InnoDB' registration as a STORAGE ENGINE failed.
2016-04-06 16:29:32 76580 [ERROR] Unknown/unsupported storage engine: InnoDB
2016-04-06 16:29:32 76580 [ERROR] Aborting

2016-04-06 16:29:32 76580 [Note] Binlog end
2016-04-06 16:29:32 76580 [Note] Shutting down plugin 'partition'
2016-04-06 16:29:32 76580 [Note] Shutting down plugin 'PERFORMANCE_SCHEMA'
2016-04-06 16:29:32 76580 [Note] Shutting down plugin 'INNODB_SYS_DATAFILES'
2016-04-06 16:29:32 76580 [Note] Shutting down plugin 'INNODB_SYS_TABLESPACES'
2016-04-06 16:29:32 76580 [Note] Shutting down plugin 'INNODB_SYS_FOREIGN_COLS'
2016-04-06 16:29:32 76580 [Note] Shutting down plugin 'INNODB_SYS_FOREIGN'
2016-04-06 16:29:32 76580 [Note] Shutting down plugin 'INNODB_SYS_FIELDS'
2016-04-06 16:29:32 76580 [Note] Shutting down plugin 'INNODB_SYS_COLUMNS'
2016-04-06 16:29:32 76580 [Note] Shutting down plugin 'INNODB_SYS_INDEXES'
2016-04-06 16:29:32 76580 [Note] Shutting down plugin 'INNODB_SYS_TABLESTATS'
2016-04-06 16:29:32 76580 [Note] Shutting down plugin 'INNODB_SYS_TABLES'
2016-04-06 16:29:32 76580 [Note] Shutting down plugin 'INNODB_FT_INDEX_TABLE'
2016-04-06 16:29:32 76580 [Note] Shutting down plugin 'INNODB_FT_INDEX_CACHE'
2016-04-06 16:29:32 76580 [Note] Shutting down plugin 'INNODB_FT_CONFIG'
2016-04-06 16:29:32 76580 [Note] Shutting down plugin 'INNODB_FT_BEING_DELETED'
2016-04-06 16:29:32 76580 [Note] Shutting down plugin 'INNODB_FT_DELETED'
2016-04-06 16:29:32 76580 [Note] Shutting down plugin 'INNODB_FT_DEFAULT_STOPWORD'
2016-04-06 16:29:32 76580 [Note] Shutting down plugin 'INNODB_METRICS'
2016-04-06 16:29:32 76580 [Note] Shutting down plugin 'INNODB_BUFFER_POOL_STATS'
2016-04-06 16:29:32 76580 [Note] Shutting down plugin 'INNODB_BUFFER_PAGE_LRU'
2016-04-06 16:29:32 76580 [Note] Shutting down plugin 'INNODB_BUFFER_PAGE'
2016-04-06 16:29:32 76580 [Note] Shutting down plugin 'INNODB_CMP_PER_INDEX_RESET'
2016-04-06 16:29:32 76580 [Note] Shutting down plugin 'INNODB_CMP_PER_INDEX'
2016-04-06 16:29:32 76580 [Note] Shutting down plugin 'INNODB_CMPMEM_RESET'
2016-04-06 16:29:32 76580 [Note] Shutting down plugin 'INNODB_CMPMEM'
2016-04-06 16:29:32 76580 [Note] Shutting down plugin 'INNODB_CMP_RESET'
2016-04-06 16:29:32 76580 [Note] Shutting down plugin 'INNODB_CMP'
2016-04-06 16:29:32 76580 [Note] Shutting down plugin 'INNODB_LOCK_WAITS'
2016-04-06 16:29:32 76580 [Note] Shutting down plugin 'INNODB_LOCKS'
2016-04-06 16:29:32 76580 [Note] Shutting down plugin 'INNODB_TRX'
2016-04-06 16:29:32 76580 [Note] Shutting down plugin 'BLACKHOLE'
2016-04-06 16:29:32 76580 [Note] Shutting down plugin 'ARCHIVE'
2016-04-06 16:29:32 76580 [Note] Shutting down plugin 'MRG_MYISAM'
2016-04-06 16:29:32 76580 [Note] Shutting down plugin 'MyISAM'
2016-04-06 16:29:32 76580 [Note] Shutting down plugin 'MEMORY'
2016-04-06 16:29:32 76580 [Note] Shutting down plugin 'CSV'
2016-04-06 16:29:32 76580 [Note] Shutting down plugin 'sha256_password'
2016-04-06 16:29:32 76580 [Note] Shutting down plugin 'mysql_old_password'
2016-04-06 16:29:32 76580 [Note] Shutting down plugin 'mysql_native_password'
2016-04-06 16:29:32 76580 [Note] Shutting down plugin 'binlog'
2016-04-06 16:29:32 76580 [Note] mysqld: Shutdown complete

